# JRE version: Java(TM) SE Runtime Environment (20.0.2+9) (build 20.0.2+9-78)
# Java VM: Java HotSpot(TM) 64-Bit Server VM (20.0.2+9-78, mixed mode, sharing, tiered, compressed oops, compressed class ptrs, g1 gc, linux-amd64)
GC Precious Log:
 CardTable entry size: 512
 Card Set container configuration: InlinePtr #cards 4 size 8 Array Of Cards #cards 16 size 48 Howl #buckets 8 coarsen threshold 3686 Howl Bitmap #cards 512 size 80 coarsen threshold 460 Card regions per heap region 1 cards per card region 4096
 CPUs: 4 total, 4 available
 Memory: 11827M
 Large Page Support: Disabled
 NUMA Support: Disabled
 Compressed Oops: Enabled (Zero based)
 Heap Region Size: 2M
 Heap Min Capacity: 8M
 Heap Initial Capacity: 186M
 Heap Max Capacity: 2958M
 Pre-touch: Disabled
 Parallel Workers: 4
 Concurrent Workers: 1
 Concurrent Refinement Workers: 4
 Periodic GC: Disabled
Heap:
 garbage-first heap   total 327680K, used 198066K [0x0000000747200000, 0x0000000800000000)
  region size 2048K, 54 young (110592K), 1 survivors (2048K)
 Metaspace       used 11605K, committed 11840K, reserved 1114112K
  class space    used 917K, committed 1024K, reserved 1048576K
GC Heap History (14 events):
Event: 1.309 GC heap before
{Heap before GC invocations=0 (full 0):
 garbage-first heap   total 194560K, used 12272K [0x0000000747200000, 0x0000000800000000)
  region size 2048K, 6 young (12288K), 0 survivors (0K)
 Metaspace       used 4218K, committed 4416K, reserved 1114112K
  class space    used 355K, committed 448K, reserved 1048576K
}
Event: 1.325 GC heap after
{Heap after GC invocations=1 (full 0):
 garbage-first heap   total 194560K, used 4551K [0x0000000747200000, 0x0000000800000000)
  region size 2048K, 1 young (2048K), 1 survivors (2048K)
 Metaspace       used 4218K, committed 4416K, reserved 1114112K
  class space    used 355K, committed 448K, reserved 1048576K
}
Event: 1.825 GC heap before
{Heap before GC invocations=1 (full 0):
 garbage-first heap   total 194560K, used 20935K [0x0000000747200000, 0x0000000800000000)
  region size 2048K, 7 young (14336K), 1 survivors (2048K)
 Metaspace       used 9770K, committed 10048K, reserved 1114112K
  class space    used 756K, committed 896K, reserved 1048576K
}
Event: 1.830 GC heap after
{Heap after GC invocations=2 (full 0):
 garbage-first heap   total 194560K, used 9562K [0x0000000747200000, 0x0000000800000000)
  region size 2048K, 1 young (2048K), 1 survivors (2048K)
 Metaspace       used 9770K, committed 10048K, reserved 1114112K
  class space    used 756K, committed 896K, reserved 1048576K
}
Event: 1.971 GC heap before
{Heap before GC invocations=2 (full 0):
 garbage-first heap   total 194560K, used 54618K [0x0000000747200000, 0x0000000800000000)
  region size 2048K, 4 young (8192K), 1 survivors (2048K)
 Metaspace       used 9931K, committed 10176K, reserved 1114112K
  class space    used 763K, committed 896K, reserved 1048576K
}
Event: 1.973 GC heap after
{Heap after GC invocations=3 (full 0):
 garbage-first heap   total 194560K, used 23829K [0x0000000747200000, 0x0000000800000000)
  region size 2048K, 1 young (2048K), 1 survivors (2048K)
 Metaspace       used 9931K, committed 10176K, reserved 1114112K
  class space    used 763K, committed 896K, reserved 1048576K
}
Event: 2.018 GC heap before
{Heap before GC invocations=3 (full 0):
 garbage-first heap   total 194560K, used 58645K [0x0000000747200000, 0x0000000800000000)
  region size 2048K, 2 young (4096K), 1 survivors (2048K)
 Metaspace       used 9931K, committed 10176K, reserved 1114112K
  class space    used 763K, committed 896K, reserved 1048576K
}
Event: 2.021 GC heap after
{Heap after GC invocations=4 (full 0):
 garbage-first heap   total 194560K, used 40169K [0x0000000747200000, 0x0000000800000000)
  region size 2048K, 1 young (2048K), 1 survivors (2048K)
 Metaspace       used 9931K, committed 10176K, reserved 1114112K
  class space    used 763K, committed 896K, reserved 1048576K
}
Event: 2.107 GC heap before
{Heap before GC invocations=4 (full 0):
 garbage-first heap   total 194560K, used 107753K [0x0000000747200000, 0x0000000800000000)
  region size 2048K, 1 young (2048K), 1 survivors (2048K)
 Metaspace       used 9933K, committed 10176K, reserved 1114112K
  class space    used 763K, committed 896K, reserved 1048576K
}
Event: 2.109 GC heap after
{Heap after GC invocations=5 (full 0):
 garbage-first heap   total 233472K, used 72966K [0x0000000747200000, 0x0000000800000000)
  region size 2048K, 1 young (2048K), 1 survivors (2048K)
 Metaspace       used 9933K, committed 10176K, reserved 1114112K
  class space    used 763K, committed 896K, reserved 1048576K
}
Event: 2.231 GC heap before
{Heap before GC invocations=5 (full 0):
 garbage-first heap   total 327680K, used 206086K [0x0000000747200000, 0x0000000800000000)
  region size 2048K, 1 young (2048K), 1 survivors (2048K)
 Metaspace       used 9933K, committed 10176K, reserved 1114112K
  class space    used 763K, committed 896K, reserved 1048576K
}
Event: 2.234 GC heap after
{Heap after GC invocations=6 (full 0):
 garbage-first heap   total 327680K, used 138544K [0x0000000747200000, 0x0000000800000000)
  region size 2048K, 1 young (2048K), 1 survivors (2048K)
 Metaspace       used 9933K, committed 10176K, reserved 1114112K
  class space    used 763K, committed 896K, reserved 1048576K
}
Event: 2.408 GC heap before
{Heap before GC invocations=6 (full 0):
 garbage-first heap   total 327680K, used 214320K [0x0000000747200000, 0x0000000800000000)
  region size 2048K, 2 young (4096K), 1 survivors (2048K)
 Metaspace       used 10111K, committed 10368K, reserved 1114112K
  class space    used 777K, committed 896K, reserved 1048576K
}
Event: 2.411 GC heap after
{Heap after GC invocations=7 (full 0):
 garbage-first heap   total 327680K, used 5554K [0x0000000747200000, 0x0000000800000000)
  region size 2048K, 1 young (2048K), 1 survivors (2048K)
 Metaspace       used 10111K, committed 10368K, reserved 1114112K
  class space    used 777K, committed 896K, reserved 1048576K
}

