# JRE version: Java(TM) SE Runtime Environment (20.0.2+9) (build 20.0.2+9-78)
# Java VM: Java HotSpot(TM) 64-Bit Server VM (20.0.2+9-78, mixed mode, sharing, tiered, compressed oops, compressed class ptrs, g1 gc, linux-amd64)
GC Precious Log:
 CardTable entry size: 512
 Card Set container configuration: InlinePtr #cards 4 size 8 Array Of Cards #cards 16 size 48 Howl #buckets 8 coarsen threshold 3686 Howl Bitmap #cards 512 size 80 coarsen threshold 460 Card regions per heap region 1 cards per card region 4096
 CPUs: 4 total, 4 available
 Memory: 11827M
 Large Page Support: Disabled
 NUMA Support: Disabled
 Compressed Oops: Enabled (Zero based)
 Heap Region Size: 2M
 Heap Min Capacity: 8M
 Heap Initial Capacity: 186M
 Heap Max Capacity: 2958M
 Pre-touch: Disabled
 Parallel Workers: 4
 Concurrent Workers: 1
 Concurrent Refinement Workers: 4
 Periodic GC: Disabled
Heap:
 garbage-first heap   total 327680K, used 200217K [0x0000000747200000, 0x0000000800000000)
  region size 2048K, 55 young (112640K), 1 survivors (2048K)
 Metaspace       used 11695K, committed 11904K, reserved 1114112K
  class space    used 927K, committed 1024K, reserved 1048576K
GC Heap History (14 events):
Event: 1.149 GC heap before
{Heap before GC invocations=0 (full 0):
 garbage-first heap   total 194560K, used 12272K [0x0000000747200000, 0x0000000800000000)
  region size 2048K, 6 young (12288K), 0 survivors (0K)
 Metaspace       used 4230K, committed 4416K, reserved 1114112K
  class space    used 357K, committed 448K, reserved 1048576K
}
Event: 1.159 GC heap after
{Heap after GC invocations=1 (full 0):
 garbage-first heap   total 194560K, used 4567K [0x0000000747200000, 0x0000000800000000)
  region size 2048K, 1 young (2048K), 1 survivors (2048K)
 Metaspace       used 4230K, committed 4416K, reserved 1114112K
  class space    used 357K, committed 448K, reserved 1048576K
}
Event: 2.176 GC heap before
{Heap before GC invocations=1 (full 0):
 garbage-first heap   total 194560K, used 18903K [0x0000000747200000, 0x0000000800000000)
  region size 2048K, 7 young (14336K), 1 survivors (2048K)
 Metaspace       used 9789K, committed 10048K, reserved 1114112K
  class space    used 757K, committed 896K, reserved 1048576K
}
Event: 2.182 GC heap after
{Heap after GC invocations=2 (full 0):
 garbage-first heap   total 194560K, used 9701K [0x0000000747200000, 0x0000000800000000)
  region size 2048K, 1 young (2048K), 1 survivors (2048K)
 Metaspace       used 9789K, committed 10048K, reserved 1114112K
  class space    used 757K, committed 896K, reserved 1048576K
}
Event: 2.629 GC heap before
{Heap before GC invocations=2 (full 0):
 garbage-first heap   total 194560K, used 54757K [0x0000000747200000, 0x0000000800000000)
  region size 2048K, 4 young (8192K), 1 survivors (2048K)
 Metaspace       used 9953K, committed 10240K, reserved 1114112K
  class space    used 764K, committed 896K, reserved 1048576K
}
Event: 2.631 GC heap after
{Heap after GC invocations=3 (full 0):
 garbage-first heap   total 194560K, used 23912K [0x0000000747200000, 0x0000000800000000)
  region size 2048K, 1 young (2048K), 1 survivors (2048K)
 Metaspace       used 9953K, committed 10240K, reserved 1114112K
  class space    used 764K, committed 896K, reserved 1048576K
}
Event: 2.770 GC heap before
{Heap before GC invocations=3 (full 0):
 garbage-first heap   total 194560K, used 58728K [0x0000000747200000, 0x0000000800000000)
  region size 2048K, 2 young (4096K), 1 survivors (2048K)
 Metaspace       used 9953K, committed 10240K, reserved 1114112K
  class space    used 764K, committed 896K, reserved 1048576K
}
Event: 2.773 GC heap after
{Heap after GC invocations=4 (full 0):
 garbage-first heap   total 194560K, used 40257K [0x0000000747200000, 0x0000000800000000)
  region size 2048K, 1 young (2048K), 1 survivors (2048K)
 Metaspace       used 9953K, committed 10240K, reserved 1114112K
  class space    used 764K, committed 896K, reserved 1048576K
}
Event: 3.062 GC heap before
{Heap before GC invocations=4 (full 0):
 garbage-first heap   total 194560K, used 107841K [0x0000000747200000, 0x0000000800000000)
  region size 2048K, 1 young (2048K), 1 survivors (2048K)
 Metaspace       used 9953K, committed 10240K, reserved 1114112K
  class space    used 764K, committed 896K, reserved 1048576K
}
Event: 3.064 GC heap after
{Heap after GC invocations=5 (full 0):
 garbage-first heap   total 194560K, used 73028K [0x0000000747200000, 0x0000000800000000)
  region size 2048K, 1 young (2048K), 1 survivors (2048K)
 Metaspace       used 9953K, committed 10240K, reserved 1114112K
  class space    used 764K, committed 896K, reserved 1048576K
}
Event: 3.287 GC heap before
{Heap before GC invocations=5 (full 0):
 garbage-first heap   total 327680K, used 206148K [0x0000000747200000, 0x0000000800000000)
  region size 2048K, 1 young (2048K), 1 survivors (2048K)
 Metaspace       used 9953K, committed 10240K, reserved 1114112K
  class space    used 764K, committed 896K, reserved 1048576K
}
Event: 3.289 GC heap after
{Heap after GC invocations=6 (full 0):
 garbage-first heap   total 327680K, used 138578K [0x0000000747200000, 0x0000000800000000)
  region size 2048K, 1 young (2048K), 1 survivors (2048K)
 Metaspace       used 9953K, committed 10240K, reserved 1114112K
  class space    used 764K, committed 896K, reserved 1048576K
}
Event: 3.468 GC heap before
{Heap before GC invocations=6 (full 0):
 garbage-first heap   total 327680K, used 214354K [0x0000000747200000, 0x0000000800000000)
  region size 2048K, 2 young (4096K), 1 survivors (2048K)
 Metaspace       used 10128K, committed 10368K, reserved 1114112K
  class space    used 778K, committed 896K, reserved 1048576K
}
Event: 3.470 GC heap after
{Heap after GC invocations=7 (full 0):
 garbage-first heap   total 327680K, used 5657K [0x0000000747200000, 0x0000000800000000)
  region size 2048K, 1 young (2048K), 1 survivors (2048K)
 Metaspace       used 10128K, committed 10368K, reserved 1114112K
  class space    used 778K, committed 896K, reserved 1048576K
}

